<?xml version="1.0" encoding="UTF-8"?>
<testng-results ignored="0" total="4" passed="3" failed="1" skipped="0">
  <reporter-output>
  </reporter-output>
  <suite started-at="2021-09-01T23:03:04 IST" name="Default suite" finished-at="2021-09-01T23:03:06 IST" duration-ms="2286">
    <groups>
    </groups>
    <test started-at="2021-09-01T23:03:04 IST" name="Default test" finished-at="2021-09-01T23:03:06 IST" duration-ms="2286">
      <class name="dataPack.DynamicJson">
        <test-method signature="addBook(java.lang.String,java.lang.String)[pri:0, instance:dataPack.DynamicJson@649bec2e]" started-at="2021-09-01T23:03:04 IST" name="addBook" data-provider="BookData" finished-at="2021-09-01T23:03:06 IST" duration-ms="1854" status="PASS">
          <params>
            <param index="0">
              <value>
                <![CDATA[teswqwwwt1]]>
              </value>
            </param>
            <param index="1">
              <value>
                <![CDATA[111]]>
              </value>
            </param>
          </params>
          <reporter-output>
          </reporter-output>
        </test-method> <!-- addBook -->
        <test-method signature="addBook(java.lang.String,java.lang.String)[pri:0, instance:dataPack.DynamicJson@649bec2e]" started-at="2021-09-01T23:03:06 IST" name="addBook" data-provider="BookData" finished-at="2021-09-01T23:03:06 IST" duration-ms="206" status="PASS">
          <params>
            <param index="0">
              <value>
                <![CDATA[teswqwwwt21]]>
              </value>
            </param>
            <param index="1">
              <value>
                <![CDATA[2111]]>
              </value>
            </param>
          </params>
          <reporter-output>
          </reporter-output>
        </test-method> <!-- addBook -->
        <test-method signature="addBook(java.lang.String,java.lang.String)[pri:0, instance:dataPack.DynamicJson@649bec2e]" started-at="2021-09-01T23:03:06 IST" name="addBook" data-provider="BookData" finished-at="2021-09-01T23:03:06 IST" duration-ms="180" status="PASS">
          <params>
            <param index="0">
              <value>
                <![CDATA[tssssqwseste1]]>
              </value>
            </param>
            <param index="1">
              <value>
                <![CDATA[1111]]>
              </value>
            </param>
          </params>
          <reporter-output>
          </reporter-output>
        </test-method> <!-- addBook -->
        <test-method signature="deleteBook()[pri:0, instance:dataPack.DynamicJson@649bec2e]" started-at="2021-09-01T23:03:06 IST" name="deleteBook" data-provider="BookData1" finished-at="2021-09-01T23:03:06 IST" duration-ms="1" status="FAIL">
          <exception class="org.testng.internal.reflect.MethodMatcherException">
            <message>
              <![CDATA[
[public void dataPack.DynamicJson.deleteBook()] has no parameters defined but was found to be using a data provider (either explicitly specified or inherited from class level annotation).
Data provider mismatch
Method: deleteBook([])
Arguments: [(java.lang.String) teswqwwwt1,(java.lang.String) 111]]]>
            </message>
            <full-stacktrace>
              <![CDATA[org.testng.internal.reflect.MethodMatcherException: 
[public void dataPack.DynamicJson.deleteBook()] has no parameters defined but was found to be using a data provider (either explicitly specified or inherited from class level annotation).
Data provider mismatch
Method: deleteBook([])
Arguments: [(java.lang.String) teswqwwwt1,(java.lang.String) 111]
at org.testng.internal.reflect.DataProviderMethodMatcher.getConformingArguments(DataProviderMethodMatcher.java:43)
at org.testng.internal.Parameters.injectParameters(Parameters.java:914)
at org.testng.internal.MethodRunner.runInSequence(MethodRunner.java:34)
at org.testng.internal.TestInvoker$MethodInvocationAgent.invoke(TestInvoker.java:824)
at org.testng.internal.TestInvoker.invokeTestMethods(TestInvoker.java:146)
at org.testng.internal.TestMethodWorker.invokeTestMethods(TestMethodWorker.java:146)
at org.testng.internal.TestMethodWorker.run(TestMethodWorker.java:128)
at java.base/java.util.ArrayList.forEach(ArrayList.java:1511)
at org.testng.TestRunner.privateRun(TestRunner.java:794)
at org.testng.TestRunner.run(TestRunner.java:596)
at org.testng.SuiteRunner.runTest(SuiteRunner.java:377)
at org.testng.SuiteRunner.runSequentially(SuiteRunner.java:371)
at org.testng.SuiteRunner.privateRun(SuiteRunner.java:332)
at org.testng.SuiteRunner.run(SuiteRunner.java:276)
at org.testng.SuiteRunnerWorker.runSuite(SuiteRunnerWorker.java:53)
at org.testng.SuiteRunnerWorker.run(SuiteRunnerWorker.java:96)
at org.testng.TestNG.runSuitesSequentially(TestNG.java:1212)
at org.testng.TestNG.runSuitesLocally(TestNG.java:1134)
at org.testng.TestNG.runSuites(TestNG.java:1063)
at org.testng.TestNG.run(TestNG.java:1031)
at org.testng.remote.AbstractRemoteTestNG.run(AbstractRemoteTestNG.java:115)
at org.testng.remote.RemoteTestNG.initAndRun(RemoteTestNG.java:251)
at org.testng.remote.RemoteTestNG.main(RemoteTestNG.java:77)
]]>
            </full-stacktrace>
          </exception> <!-- org.testng.internal.reflect.MethodMatcherException -->
          <reporter-output>
          </reporter-output>
        </test-method> <!-- deleteBook -->
      </class> <!-- dataPack.DynamicJson -->
    </test> <!-- Default test -->
  </suite> <!-- Default suite -->
</testng-results>
